<?xml version="1.0" encoding="UTF-8"?>
<!-- Generated by org.testng.reporters.JUnitXMLReporter -->
<testsuite ignored="0" hostname="LAPTOP-NE9T37VB" failures="0" tests="4" name="PetUserTest" time="7.841" errors="0" timestamp="2024-01-24T20:05:06 GMT">
  <testcase classname="api.test.userTests" name="testCreateUser" time="4.283"/>
  <testcase classname="api.test.userTests" name="testDeleteUser" time="0.55"/>
  <testcase classname="api.test.userTests" name="testReadUsername" time="0.438"/>
  <testcase classname="api.test.userTests" name="testUpdateUser" time="0.455"/>
</testsuite> <!-- PetUserTest -->
