<?xml version="1.0" encoding="UTF-8"?>
<!-- Generated by org.testng.reporters.JUnitXMLReporter -->
<testsuite ignored="0" hostname="LAPTOP-NE9T37VB" failures="0" tests="16" name="Surefire test" time="15.073" errors="0" timestamp="2024-01-24T19:22:29 GMT">
  <testcase classname="api.test.DataDrivenTest" name="testPostUser" time="4.564"/>
  <testcase classname="api.test.DataDrivenTest" name="testPostUser" time="0.447"/>
  <testcase classname="api.test.DataDrivenTest" name="testPostUser" time="0.428"/>
  <testcase classname="api.test.DataDrivenTest" name="testPostUser" time="0.439"/>
  <testcase classname="api.test.DataDrivenTest" name="testGetUser" time="0.458"/>
  <testcase classname="api.test.DataDrivenTest" name="testGetUser" time="0.425"/>
  <testcase classname="api.test.DataDrivenTest" name="testGetUser" time="0.417"/>
  <testcase classname="api.test.DataDrivenTest" name="testGetUser" time="0.425"/>
  <testcase classname="api.test.DataDrivenTest" name="testDeleteUser" time="0.425"/>
  <testcase classname="api.test.DataDrivenTest" name="testDeleteUser" time="0.416"/>
  <testcase classname="api.test.DataDrivenTest" name="testDeleteUser" time="0.414"/>
  <testcase classname="api.test.DataDrivenTest" name="testDeleteUser" time="0.412"/>
  <testcase classname="api.test.userTests" name="testCreateUser" time="0.546"/>
  <testcase classname="api.test.userTests" name="testDeleteUser" time="0.431"/>
  <testcase classname="api.test.userTests" name="testReadUsername" time="0.426"/>
  <testcase classname="api.test.userTests" name="testUpdateUser" time="0.451"/>
</testsuite> <!-- Surefire test -->
