<?xml version="1.0" encoding="UTF-8"?>
<!-- Generated by org.testng.reporters.JUnitXMLReporter -->
<testsuite ignored="0" hostname="LAPTOP-NE9T37VB" failures="0" tests="12" name="Default test" time="12.37" errors="0" timestamp="2024-01-24T01:06:16 GMT">
  <testcase classname="api.test.DataDrivenTest" name="testPostUser" time="3.748"/>
  <testcase classname="api.test.DataDrivenTest" name="testPostUser" time="0.631"/>
  <testcase classname="api.test.DataDrivenTest" name="testPostUser" time="0.61"/>
  <testcase classname="api.test.DataDrivenTest" name="testPostUser" time="0.51"/>
  <testcase classname="api.test.DataDrivenTest" name="testGetUser" time="0.555"/>
  <testcase classname="api.test.DataDrivenTest" name="testGetUser" time="0.509"/>
  <testcase classname="api.test.DataDrivenTest" name="testGetUser" time="0.511"/>
  <testcase classname="api.test.DataDrivenTest" name="testGetUser" time="0.511"/>
  <testcase classname="api.test.DataDrivenTest" name="testDeleteUser" time="0.574"/>
  <testcase classname="api.test.DataDrivenTest" name="testDeleteUser" time="0.512"/>
  <testcase classname="api.test.DataDrivenTest" name="testDeleteUser" time="0.509"/>
  <testcase classname="api.test.DataDrivenTest" name="testDeleteUser" time="0.51"/>
</testsuite> <!-- Default test -->
