<?xml version="1.0" encoding="UTF-8"?>
<testng-results ignored="0" total="4" passed="4" failed="0" skipped="0">
  <reporter-output>
  </reporter-output>
  <suite started-at="2024-01-24T20:04:58 GMT" name="PetStoreSuite" finished-at="2024-01-24T20:05:06 GMT" duration-ms="7841">
    <groups>
    </groups>
    <test started-at="2024-01-24T20:04:58 GMT" name="PetUserTest" finished-at="2024-01-24T20:05:06 GMT" duration-ms="7841">
      <class name="api.test.userTests">
        <test-method is-config="true" signature="setUpData()[pri:0, instance:api.test.userTests@5223e5ee]" started-at="2024-01-24T20:04:58 GMT" name="setUpData" finished-at="2024-01-24T20:05:00 GMT" duration-ms="1565" status="PASS">
          <reporter-output>
          </reporter-output>
        </test-method> <!-- setUpData -->
        <test-method signature="testCreateUser()[pri:0, instance:api.test.userTests@5223e5ee]" started-at="2024-01-24T20:05:00 GMT" name="testCreateUser" finished-at="2024-01-24T20:05:04 GMT" duration-ms="4283" status="PASS">
          <reporter-output>
          </reporter-output>
        </test-method> <!-- testCreateUser -->
        <test-method signature="testDeleteUser()[pri:0, instance:api.test.userTests@5223e5ee]" started-at="2024-01-24T20:05:04 GMT" name="testDeleteUser" finished-at="2024-01-24T20:05:05 GMT" duration-ms="550" status="PASS">
          <reporter-output>
          </reporter-output>
        </test-method> <!-- testDeleteUser -->
        <test-method signature="testReadUsername()[pri:0, instance:api.test.userTests@5223e5ee]" started-at="2024-01-24T20:05:05 GMT" name="testReadUsername" finished-at="2024-01-24T20:05:05 GMT" duration-ms="438" status="PASS">
          <reporter-output>
          </reporter-output>
        </test-method> <!-- testReadUsername -->
        <test-method signature="testUpdateUser()[pri:0, instance:api.test.userTests@5223e5ee]" started-at="2024-01-24T20:05:05 GMT" name="testUpdateUser" finished-at="2024-01-24T20:05:06 GMT" duration-ms="455" status="PASS">
          <reporter-output>
          </reporter-output>
        </test-method> <!-- testUpdateUser -->
      </class> <!-- api.test.userTests -->
    </test> <!-- PetUserTest -->
  </suite> <!-- PetStoreSuite -->
</testng-results>
