<?xml version="1.0" encoding="UTF-8"?>
<!-- Generated by org.testng.reporters.JUnitXMLReporter -->
<testsuite ignored="0" hostname="LAPTOP-NE9T37VB" failures="1" tests="4" name="PetUserTest" time="8.907" errors="0" timestamp="2024-01-24T16:32:15 GMT">
  <testcase classname="api.test.userTests" name="testCreateUser" time="5.147"/>
  <testcase classname="api.test.userTests" name="testDeleteUser" time="0.478"/>
  <testcase classname="api.test.userTests" name="testReadUsername" time="0.463">
    <failure type="java.lang.AssertionError" message="expected [200] but found [404]">
      <![CDATA[java.lang.AssertionError: expected [200] but found [404]
at api.test.userTests.testReadUsername(userTests.java:54)
at java.base/java.util.ArrayList.forEach(ArrayList.java:1511)
... Removed 33 stack frames]]>
    </failure>
  </testcase> <!-- testReadUsername -->
  <testcase classname="api.test.userTests" name="testUpdateUser" time="0.496"/>
</testsuite> <!-- PetUserTest -->
